<?xml version="1.0" encoding="UTF-8"?>
<!-- Generated by org.testng.reporters.JUnitReportReporter -->
<testsuite hostname="Pratik-PC" failures="0" tests="1" name="Test.ProcessOrderTests" time="15.207" errors="0" timestamp="2023-08-22T20:59:19 IST" skipped="0">
  <testcase classname="Test.ProcessOrderTests" name="verifyProcessOrderLaunches" time="15.207"/>
</testsuite> <!-- Test.ProcessOrderTests -->
