<?xml version="1.0" encoding="UTF-8"?>
<!-- Generated by org.testng.reporters.JUnitReportReporter -->
<testsuite hostname="Pratik-PC" failures="0" tests="1" name="com.ecom.proj.artifact.AppTest" time="0.007" errors="0" timestamp="2023-08-18T20:11:47 IST" skipped="0">
  <testcase classname="com.ecom.proj.artifact.AppTest" name="shouldAnswerWithTrue" time="0.007"/>
</testsuite> <!-- com.ecom.proj.artifact.AppTest -->
